0 info it worked if it ends with ok
1 verbose cli [ '/Users/fastexposure/.nvm/versions/node/v7.7.4/bin/node',
1 verbose cli   '/Users/fastexposure/.nvm/versions/node/v7.7.4/bin/npm',
1 verbose cli   'install',
1 verbose cli   'material-designicons' ]
2 info using npm@4.1.2
3 info using node@v7.7.4
4 silly loadCurrentTree Starting
5 silly install loadCurrentTree
6 silly install readLocalPackageData
7 silly fetchPackageMetaData material-designicons
8 silly fetchNamedPackageData material-designicons
9 silly mapToRegistry name material-designicons
10 silly mapToRegistry using default registry
11 silly mapToRegistry registry https://registry.npmjs.org/
12 silly mapToRegistry data Result {
12 silly mapToRegistry   raw: 'material-designicons',
12 silly mapToRegistry   scope: null,
12 silly mapToRegistry   escapedName: 'material-designicons',
12 silly mapToRegistry   name: 'material-designicons',
12 silly mapToRegistry   rawSpec: '',
12 silly mapToRegistry   spec: 'latest',
12 silly mapToRegistry   type: 'tag' }
13 silly mapToRegistry uri https://registry.npmjs.org/material-designicons
14 verbose request uri https://registry.npmjs.org/material-designicons
15 verbose request no auth needed
16 info attempt registry request try #1 at 7:17:44 PM
17 verbose request id ed174e8cf4d27f16
18 http request GET https://registry.npmjs.org/material-designicons
19 http 404 https://registry.npmjs.org/material-designicons
20 verbose headers { 'content-type': 'application/json',
20 verbose headers   'cache-control': 'max-age=0',
20 verbose headers   'content-length': '2',
20 verbose headers   'accept-ranges': 'bytes',
20 verbose headers   date: 'Fri, 21 Apr 2017 02:17:44 GMT',
20 verbose headers   via: '1.1 varnish',
20 verbose headers   age: '0',
20 verbose headers   connection: 'keep-alive',
20 verbose headers   'x-served-by': 'cache-lax8632-LAX',
20 verbose headers   'x-cache': 'MISS',
20 verbose headers   'x-cache-hits': '0',
20 verbose headers   'x-timer': 'S1492741064.170593,VS0,VE328',
20 verbose headers   vary: 'Accept-Encoding' }
21 silly get cb [ 404,
21 silly get   { 'content-type': 'application/json',
21 silly get     'cache-control': 'max-age=0',
21 silly get     'content-length': '2',
21 silly get     'accept-ranges': 'bytes',
21 silly get     date: 'Fri, 21 Apr 2017 02:17:44 GMT',
21 silly get     via: '1.1 varnish',
21 silly get     age: '0',
21 silly get     connection: 'keep-alive',
21 silly get     'x-served-by': 'cache-lax8632-LAX',
21 silly get     'x-cache': 'MISS',
21 silly get     'x-cache-hits': '0',
21 silly get     'x-timer': 'S1492741064.170593,VS0,VE328',
21 silly get     vary: 'Accept-Encoding' } ]
22 silly fetchPackageMetaData Error: Registry returned 404 for GET on https://registry.npmjs.org/material-designicons
22 silly fetchPackageMetaData     at makeError (/Users/fastexposure/.nvm/versions/node/v7.7.4/lib/node_modules/npm/node_modules/npm-registry-client/lib/request.js:304:12)
22 silly fetchPackageMetaData     at CachingRegistryClient.<anonymous> (/Users/fastexposure/.nvm/versions/node/v7.7.4/lib/node_modules/npm/node_modules/npm-registry-client/lib/request.js:282:14)
22 silly fetchPackageMetaData     at Request._callback (/Users/fastexposure/.nvm/versions/node/v7.7.4/lib/node_modules/npm/node_modules/npm-registry-client/lib/request.js:212:14)
22 silly fetchPackageMetaData     at Request.self.callback (/Users/fastexposure/.nvm/versions/node/v7.7.4/lib/node_modules/npm/node_modules/request/request.js:186:22)
22 silly fetchPackageMetaData     at emitTwo (events.js:106:13)
22 silly fetchPackageMetaData     at Request.emit (events.js:194:7)
22 silly fetchPackageMetaData     at Request.<anonymous> (/Users/fastexposure/.nvm/versions/node/v7.7.4/lib/node_modules/npm/node_modules/request/request.js:1081:10)
22 silly fetchPackageMetaData     at emitOne (events.js:96:13)
22 silly fetchPackageMetaData     at Request.emit (events.js:191:7)
22 silly fetchPackageMetaData     at IncomingMessage.<anonymous> (/Users/fastexposure/.nvm/versions/node/v7.7.4/lib/node_modules/npm/node_modules/request/request.js:1001:12)
22 silly fetchPackageMetaData  error for material-designicons { Error: Registry returned 404 for GET on https://registry.npmjs.org/material-designicons
22 silly fetchPackageMetaData     at makeError (/Users/fastexposure/.nvm/versions/node/v7.7.4/lib/node_modules/npm/node_modules/npm-registry-client/lib/request.js:304:12)
22 silly fetchPackageMetaData     at CachingRegistryClient.<anonymous> (/Users/fastexposure/.nvm/versions/node/v7.7.4/lib/node_modules/npm/node_modules/npm-registry-client/lib/request.js:282:14)
22 silly fetchPackageMetaData     at Request._callback (/Users/fastexposure/.nvm/versions/node/v7.7.4/lib/node_modules/npm/node_modules/npm-registry-client/lib/request.js:212:14)
22 silly fetchPackageMetaData     at Request.self.callback (/Users/fastexposure/.nvm/versions/node/v7.7.4/lib/node_modules/npm/node_modules/request/request.js:186:22)
22 silly fetchPackageMetaData     at emitTwo (events.js:106:13)
22 silly fetchPackageMetaData     at Request.emit (events.js:194:7)
22 silly fetchPackageMetaData     at Request.<anonymous> (/Users/fastexposure/.nvm/versions/node/v7.7.4/lib/node_modules/npm/node_modules/request/request.js:1081:10)
22 silly fetchPackageMetaData     at emitOne (events.js:96:13)
22 silly fetchPackageMetaData     at Request.emit (events.js:191:7)
22 silly fetchPackageMetaData     at IncomingMessage.<anonymous> (/Users/fastexposure/.nvm/versions/node/v7.7.4/lib/node_modules/npm/node_modules/request/request.js:1001:12) pkgid: 'material-designicons', statusCode: 404, code: 'E404' }
23 silly rollbackFailedOptional Starting
24 silly rollbackFailedOptional Finishing
25 silly runTopLevelLifecycles Finishing
26 silly install printInstalled
27 verbose stack Error: Registry returned 404 for GET on https://registry.npmjs.org/material-designicons
27 verbose stack     at makeError (/Users/fastexposure/.nvm/versions/node/v7.7.4/lib/node_modules/npm/node_modules/npm-registry-client/lib/request.js:304:12)
27 verbose stack     at CachingRegistryClient.<anonymous> (/Users/fastexposure/.nvm/versions/node/v7.7.4/lib/node_modules/npm/node_modules/npm-registry-client/lib/request.js:282:14)
27 verbose stack     at Request._callback (/Users/fastexposure/.nvm/versions/node/v7.7.4/lib/node_modules/npm/node_modules/npm-registry-client/lib/request.js:212:14)
27 verbose stack     at Request.self.callback (/Users/fastexposure/.nvm/versions/node/v7.7.4/lib/node_modules/npm/node_modules/request/request.js:186:22)
27 verbose stack     at emitTwo (events.js:106:13)
27 verbose stack     at Request.emit (events.js:194:7)
27 verbose stack     at Request.<anonymous> (/Users/fastexposure/.nvm/versions/node/v7.7.4/lib/node_modules/npm/node_modules/request/request.js:1081:10)
27 verbose stack     at emitOne (events.js:96:13)
27 verbose stack     at Request.emit (events.js:191:7)
27 verbose stack     at IncomingMessage.<anonymous> (/Users/fastexposure/.nvm/versions/node/v7.7.4/lib/node_modules/npm/node_modules/request/request.js:1001:12)
28 verbose statusCode 404
29 verbose pkgid material-designicons
30 verbose cwd /Users/fastexposure/Desktop/lfz/C2.17_college_guidance
31 error Darwin 14.0.0
32 error argv "/Users/fastexposure/.nvm/versions/node/v7.7.4/bin/node" "/Users/fastexposure/.nvm/versions/node/v7.7.4/bin/npm" "install" "material-designicons"
33 error node v7.7.4
34 error npm  v4.1.2
35 error code E404
36 error 404 Registry returned 404 for GET on https://registry.npmjs.org/material-designicons
37 error 404
38 error 404 'material-designicons' is not in the npm registry.
39 error 404 You should bug the author to publish it (or use the name yourself!)
40 error 404 Note that you can also install from a
41 error 404 tarball, folder, http url, or git url.
42 verbose exit [ 1, true ]
